d:\appp\totalcmd_x86\plugins\src\wlx_cef\win32ceftest\release\wlx_cef.pch
d:\appp\totalcmd_x86\plugins\src\wlx_cef\win32ceftest\release\vc143.pdb
d:\appp\totalcmd_x86\plugins\src\wlx_cef\win32ceftest\release\stdafx.obj
d:\appp\totalcmd_x86\plugins\src\wlx_cef\win32ceftest\release\wlx_cef.obj
d:\appp\totalcmd_x86\plugins\src\wlx_cef\release\wlx_cef.wlx
d:\appp\totalcmd_x86\plugins\src\wlx_cef\win32ceftest\release\wlx_cef.ipdb
d:\appp\totalcmd_x86\plugins\src\wlx_cef\win32ceftest\release\wlx_cef.iobj
d:\appp\totalcmd_x86\plugins\src\wlx_cef\win32ceftest\release\win32ceftest.res
d:\appp\totalcmd_x86\plugins\src\wlx_cef\release\wlx_cef.lib
d:\appp\totalcmd_x86\plugins\src\wlx_cef\release\wlx_cef.exp
d:\appp\totalcmd_x86\plugins\src\wlx_cef\win32ceftest\release\wlx_cef.tlog\cl.command.1.tlog
d:\appp\totalcmd_x86\plugins\src\wlx_cef\win32ceftest\release\wlx_cef.tlog\cl.read.1.tlog
d:\appp\totalcmd_x86\plugins\src\wlx_cef\win32ceftest\release\wlx_cef.tlog\cl.write.1.tlog
d:\appp\totalcmd_x86\plugins\src\wlx_cef\win32ceftest\release\wlx_cef.tlog\link.command.1.tlog
d:\appp\totalcmd_x86\plugins\src\wlx_cef\win32ceftest\release\wlx_cef.tlog\link.read.1.tlog
d:\appp\totalcmd_x86\plugins\src\wlx_cef\win32ceftest\release\wlx_cef.tlog\link.write.1.tlog
d:\appp\totalcmd_x86\plugins\src\wlx_cef\win32ceftest\release\wlx_cef.tlog\rc.command.1.tlog
d:\appp\totalcmd_x86\plugins\src\wlx_cef\win32ceftest\release\wlx_cef.tlog\rc.read.1.tlog
d:\appp\totalcmd_x86\plugins\src\wlx_cef\win32ceftest\release\wlx_cef.tlog\rc.write.1.tlog
d:\appp\totalcmd_x86\plugins\src\wlx_cef\win32ceftest\release\wlx_cef.tlog\wlx_cef.write.1u.tlog
